0 verbose cli /usr/local/bin/node /usr/local/lib/node_modules/npm/bin/npm-cli.js
1 info using npm@11.6.2
2 info using node@v24.13.0
3 silly config load:file:/usr/local/lib/node_modules/npm/npmrc
4 silly config load:file:/Users/alexander/Documents/GoogleAdsToolAG/.npmrc
5 silly config load:file:/Users/alexander/.npmrc
6 silly config load:file:/usr/local/etc/npmrc
7 verbose title npm exec create-vite@latest --help
8 verbose argv "exec" "--yes" "--" "create-vite@latest" "--help"
9 verbose logfile logs-max:10 dir:/Users/alexander/Documents/GoogleAdsToolAG/.npm_cache/_logs/2026-03-17T22_16_25_079Z-
10 verbose logfile /Users/alexander/Documents/GoogleAdsToolAG/.npm_cache/_logs/2026-03-17T22_16_25_079Z-debug-0.log
11 silly logfile done cleaning log files
12 silly packumentCache heap:4496293888 maxSize:1124073472 maxEntrySize:562036736
13 http fetch GET 200 https://registry.npmjs.org/create-vite 122ms (cache miss)
14 silly packumentCache heap:4496293888 maxSize:1124073472 maxEntrySize:562036736
15 http fetch GET 200 https://registry.npmjs.org/npm 188ms
16 silly packumentCache heap:4496293888 maxSize:1124073472 maxEntrySize:562036736
17 silly idealTree buildDeps
18 silly fetch manifest create-vite@9.0.2
19 silly packumentCache full:https://registry.npmjs.org/create-vite cache-miss
20 http fetch GET 200 https://registry.npmjs.org/create-vite 45ms (cache miss)
21 silly packumentCache full:https://registry.npmjs.org/create-vite set size:undefined disposed:false
22 silly placeDep ROOT create-vite@9.0.2 OK for:  want: 9.0.2
23 silly reify moves {}
24 silly audit bulk request { 'create-vite': [ '9.0.2' ] }
25 http cache create-vite@https://registry.npmjs.org/create-vite/-/create-vite-9.0.2.tgz 0ms (cache hit)
26 silly tarball no local data for create-vite@https://registry.npmjs.org/create-vite/-/create-vite-9.0.2.tgz. Extracting by manifest.
27 http fetch GET 200 https://registry.npmjs.org/create-vite/-/create-vite-9.0.2.tgz 134ms (cache miss)
28 http fetch POST 200 https://registry.npmjs.org/-/npm/v1/security/advisories/bulk 229ms
29 silly audit report {}
30 verbose cwd /Users/alexander/Documents/GoogleAdsToolAG
31 verbose os Darwin 24.6.0
32 verbose node v24.13.0
33 verbose npm  v11.6.2
34 notice
34 notice New [33mminor[39m version of npm available! [33m11.6.2[39m -> [34m11.11.1[39m
34 notice Changelog: [34mhttps://github.com/npm/cli/releases/tag/v11.11.1[39m
34 notice To update run: [4mnpm install -g npm@11.11.1[24m
34 notice  { force: true, Symbol(proc-log.meta): true }
35 verbose exit 0
36 info ok
